<?xml version="1.0" encoding="UTF-8"?>
<testsuite name="com.demo.bdd.jbehave.AcceptanceTestSuite" time="46.86" tests="7" errors="0" skipped="0" failures="0">
  <properties>
[...]
</properties>
  <testcase name="BeforeStories" classname="java.lang.Object" time="0.072"/>
  <testcase name="Given User on test page" classname="com.demo.bdd.jbehave.DefinitionSteps" time="27.62"/>
  <testcase name="When User search for a keyword &apos;asthma&apos;" classname="com.demo.bdd.jbehave.DefinitionSteps" time="11.685"/>
  <testcase name="Then User verify if the search results displayed are for &apos;asthma&apos;" classname="com.demo.bdd.jbehave.DefinitionSteps" time="1.93"/>
  <testcase name="Scenario: Search elements are displayed when User typed into Main search" classname="Scenario: Search elements are displayed when User typed into Main search" time="2.318"/>
  <testcase name="Sample.story" classname="Sample.story" time="3.231"/>
  <testcase name="AfterStories" classname="java.lang.Object" time="0.004"/>
</testsuite>